/*C26*/SET SCHEMA PUBLIC
DISCONNECT
/*C27*/SET SCHEMA PUBLIC
DROP TABLE user_roles IF EXISTS
DROP TABLE meals IF EXISTS
DROP TABLE users IF EXISTS
DROP SEQUENCE global_seq IF EXISTS
CREATE SEQUENCE GLOBAL_SEQ AS INTEGER START WITH 100000
CREATE TABLE users ( id INTEGER GENERATED BY DEFAULT AS SEQUENCE GLOBAL_SEQ PRIMARY KEY, name VARCHAR(255) NOT NULL, email VARCHAR(255) NOT NULL, password VARCHAR(255) NOT NULL, registered TIMESTAMP DEFAULT now() NOT NULL, enabled BOOLEAN DEFAULT TRUE NOT NULL, calories_per_day INTEGER DEFAULT 2000 NOT NULL )
CREATE UNIQUE INDEX users_unique_email_idx ON USERS (email)
CREATE TABLE user_roles ( user_id INTEGER NOT NULL, role VARCHAR(255), CONSTRAINT user_roles_idx UNIQUE (user_id, role), FOREIGN KEY (user_id) REFERENCES USERS (id) ON DELETE CASCADE )
CREATE TABLE meals ( id INTEGER GENERATED BY DEFAULT AS SEQUENCE GLOBAL_SEQ PRIMARY KEY, date_time TIMESTAMP NOT NULL, description VARCHAR(255) NOT NULL, calories INT NOT NULL, user_id INTEGER NOT NULL, FOREIGN KEY (user_id) REFERENCES USERS (id) ON DELETE CASCADE )
CREATE UNIQUE INDEX meals_unique_user_datetime_idx ON meals (user_id, date_time)
ALTER SEQUENCE global_seq RESTART WITH 100000
INSERT INTO USERS VALUES(100000,'User','user@yandex.ru','password','2018-03-23 18:53:03.666000',TRUE,2000)
INSERT INTO USERS VALUES(100001,'Admin','admin@gmail.com','admin','2018-03-23 18:53:03.666000',TRUE,2000)
ALTER SEQUENCE PUBLIC.GLOBAL_SEQ RESTART WITH 100002
COMMIT
INSERT INTO USER_ROLES VALUES(100000,'ROLE_USER')
INSERT INTO USER_ROLES VALUES(100001,'ROLE_ADMIN')
COMMIT
INSERT INTO MEALS VALUES(100002,'2015-05-30 10:00:00.000000','\u0417\u0430\u0432\u0442\u0440\u0430\u043a',500,100000)
INSERT INTO MEALS VALUES(100003,'2015-05-30 13:00:00.000000','\u041e\u0431\u0435\u0434',1000,100000)
INSERT INTO MEALS VALUES(100004,'2015-05-30 20:00:00.000000','\u0423\u0436\u0438\u043d',500,100000)
INSERT INTO MEALS VALUES(100005,'2015-05-31 10:00:00.000000','\u0417\u0430\u0432\u0442\u0440\u0430\u043a',500,100000)
INSERT INTO MEALS VALUES(100006,'2015-05-31 13:00:00.000000','\u041e\u0431\u0435\u0434',1000,100000)
INSERT INTO MEALS VALUES(100007,'2015-05-31 20:00:00.000000','\u0423\u0436\u0438\u043d',510,100000)
INSERT INTO MEALS VALUES(100008,'2015-06-01 14:00:00.000000','\u0410\u0434\u043c\u0438\u043d \u043b\u0430\u043d\u0447',510,100001)
INSERT INTO MEALS VALUES(100009,'2015-06-01 21:00:00.000000','\u0410\u0434\u043c\u0438\u043d \u0443\u0436\u0438\u043d',1500,100001)
ALTER SEQUENCE PUBLIC.GLOBAL_SEQ RESTART WITH 100010
COMMIT
DISCONNECT
/*C28*/SET SCHEMA PUBLIC
DELETE FROM USER_ROLES WHERE USER_ID=100000 AND ROLE='ROLE_USER'
DELETE FROM USER_ROLES WHERE USER_ID=100001 AND ROLE='ROLE_ADMIN'
DELETE FROM MEALS WHERE ID=100002
DELETE FROM MEALS WHERE ID=100003
DELETE FROM MEALS WHERE ID=100004
DELETE FROM MEALS WHERE ID=100005
DELETE FROM MEALS WHERE ID=100006
DELETE FROM MEALS WHERE ID=100007
DELETE FROM MEALS WHERE ID=100008
DELETE FROM MEALS WHERE ID=100009
DELETE FROM USERS WHERE ID=100000
DELETE FROM USERS WHERE ID=100001
COMMIT
ALTER SEQUENCE global_seq RESTART WITH 100000
INSERT INTO USERS VALUES(100000,'User','user@yandex.ru','password','2018-03-23 18:53:04.126000',TRUE,2000)
INSERT INTO USERS VALUES(100001,'Admin','admin@gmail.com','admin','2018-03-23 18:53:04.126000',TRUE,2000)
INSERT INTO USER_ROLES VALUES(100000,'ROLE_USER')
INSERT INTO USER_ROLES VALUES(100001,'ROLE_ADMIN')
INSERT INTO MEALS VALUES(100002,'2015-05-30 10:00:00.000000','\u0417\u0430\u0432\u0442\u0440\u0430\u043a',500,100000)
INSERT INTO MEALS VALUES(100003,'2015-05-30 13:00:00.000000','\u041e\u0431\u0435\u0434',1000,100000)
INSERT INTO MEALS VALUES(100004,'2015-05-30 20:00:00.000000','\u0423\u0436\u0438\u043d',500,100000)
INSERT INTO MEALS VALUES(100005,'2015-05-31 10:00:00.000000','\u0417\u0430\u0432\u0442\u0440\u0430\u043a',500,100000)
INSERT INTO MEALS VALUES(100006,'2015-05-31 13:00:00.000000','\u041e\u0431\u0435\u0434',1000,100000)
INSERT INTO MEALS VALUES(100007,'2015-05-31 20:00:00.000000','\u0423\u0436\u0438\u043d',510,100000)
INSERT INTO MEALS VALUES(100008,'2015-06-01 14:00:00.000000','\u0410\u0434\u043c\u0438\u043d \u043b\u0430\u043d\u0447',510,100001)
INSERT INTO MEALS VALUES(100009,'2015-06-01 21:00:00.000000','\u0410\u0434\u043c\u0438\u043d \u0443\u0436\u0438\u043d',1500,100001)
ALTER SEQUENCE PUBLIC.GLOBAL_SEQ RESTART WITH 100010
COMMIT
DISCONNECT
/*C29*/SET SCHEMA PUBLIC
INSERT INTO USERS VALUES(100010,'New','new@gmail.com','newPass','2018-03-23 18:53:04.148000',FALSE,1555)
INSERT INTO USER_ROLES VALUES(100010,'ROLE_USER')
ALTER SEQUENCE PUBLIC.GLOBAL_SEQ RESTART WITH 100011
COMMIT
DISCONNECT
/*C30*/SET SCHEMA PUBLIC
DISCONNECT
/*C31*/SET SCHEMA PUBLIC
DELETE FROM USER_ROLES WHERE USER_ID=100000 AND ROLE='ROLE_USER'
DELETE FROM USER_ROLES WHERE USER_ID=100001 AND ROLE='ROLE_ADMIN'
DELETE FROM USER_ROLES WHERE USER_ID=100010 AND ROLE='ROLE_USER'
DELETE FROM MEALS WHERE ID=100002
DELETE FROM MEALS WHERE ID=100003
DELETE FROM MEALS WHERE ID=100004
DELETE FROM MEALS WHERE ID=100005
DELETE FROM MEALS WHERE ID=100006
DELETE FROM MEALS WHERE ID=100007
DELETE FROM MEALS WHERE ID=100008
DELETE FROM MEALS WHERE ID=100009
DELETE FROM USERS WHERE ID=100000
DELETE FROM USERS WHERE ID=100001
DELETE FROM USERS WHERE ID=100010
COMMIT
ALTER SEQUENCE global_seq RESTART WITH 100000
INSERT INTO USERS VALUES(100000,'User','user@yandex.ru','password','2018-03-23 18:53:04.602000',TRUE,2000)
INSERT INTO USERS VALUES(100001,'Admin','admin@gmail.com','admin','2018-03-23 18:53:04.602000',TRUE,2000)
INSERT INTO USER_ROLES VALUES(100000,'ROLE_USER')
INSERT INTO USER_ROLES VALUES(100001,'ROLE_ADMIN')
INSERT INTO MEALS VALUES(100002,'2015-05-30 10:00:00.000000','\u0417\u0430\u0432\u0442\u0440\u0430\u043a',500,100000)
INSERT INTO MEALS VALUES(100003,'2015-05-30 13:00:00.000000','\u041e\u0431\u0435\u0434',1000,100000)
INSERT INTO MEALS VALUES(100004,'2015-05-30 20:00:00.000000','\u0423\u0436\u0438\u043d',500,100000)
INSERT INTO MEALS VALUES(100005,'2015-05-31 10:00:00.000000','\u0417\u0430\u0432\u0442\u0440\u0430\u043a',500,100000)
INSERT INTO MEALS VALUES(100006,'2015-05-31 13:00:00.000000','\u041e\u0431\u0435\u0434',1000,100000)
INSERT INTO MEALS VALUES(100007,'2015-05-31 20:00:00.000000','\u0423\u0436\u0438\u043d',510,100000)
INSERT INTO MEALS VALUES(100008,'2015-06-01 14:00:00.000000','\u0410\u0434\u043c\u0438\u043d \u043b\u0430\u043d\u0447',510,100001)
INSERT INTO MEALS VALUES(100009,'2015-06-01 21:00:00.000000','\u0410\u0434\u043c\u0438\u043d \u0443\u0436\u0438\u043d',1500,100001)
ALTER SEQUENCE PUBLIC.GLOBAL_SEQ RESTART WITH 100010
COMMIT
DISCONNECT
/*C32*/SET SCHEMA PUBLIC
DELETE FROM USERS WHERE ID=100000
DELETE FROM USER_ROLES WHERE USER_ID=100000 AND ROLE='ROLE_USER'
DELETE FROM MEALS WHERE ID=100002
DELETE FROM MEALS WHERE ID=100003
DELETE FROM MEALS WHERE ID=100004
DELETE FROM MEALS WHERE ID=100005
DELETE FROM MEALS WHERE ID=100006
DELETE FROM MEALS WHERE ID=100007
COMMIT
DISCONNECT
/*C33*/SET SCHEMA PUBLIC
DISCONNECT
/*C34*/SET SCHEMA PUBLIC
DELETE FROM USER_ROLES WHERE USER_ID=100001 AND ROLE='ROLE_ADMIN'
DELETE FROM MEALS WHERE ID=100008
DELETE FROM MEALS WHERE ID=100009
DELETE FROM USERS WHERE ID=100001
COMMIT
ALTER SEQUENCE global_seq RESTART WITH 100000
INSERT INTO USERS VALUES(100000,'User','user@yandex.ru','password','2018-03-23 18:53:04.734000',TRUE,2000)
INSERT INTO USERS VALUES(100001,'Admin','admin@gmail.com','admin','2018-03-23 18:53:04.734000',TRUE,2000)
INSERT INTO USER_ROLES VALUES(100000,'ROLE_USER')
INSERT INTO USER_ROLES VALUES(100001,'ROLE_ADMIN')
INSERT INTO MEALS VALUES(100002,'2015-05-30 10:00:00.000000','\u0417\u0430\u0432\u0442\u0440\u0430\u043a',500,100000)
INSERT INTO MEALS VALUES(100003,'2015-05-30 13:00:00.000000','\u041e\u0431\u0435\u0434',1000,100000)
INSERT INTO MEALS VALUES(100004,'2015-05-30 20:00:00.000000','\u0423\u0436\u0438\u043d',500,100000)
INSERT INTO MEALS VALUES(100005,'2015-05-31 10:00:00.000000','\u0417\u0430\u0432\u0442\u0440\u0430\u043a',500,100000)
INSERT INTO MEALS VALUES(100006,'2015-05-31 13:00:00.000000','\u041e\u0431\u0435\u0434',1000,100000)
INSERT INTO MEALS VALUES(100007,'2015-05-31 20:00:00.000000','\u0423\u0436\u0438\u043d',510,100000)
INSERT INTO MEALS VALUES(100008,'2015-06-01 14:00:00.000000','\u0410\u0434\u043c\u0438\u043d \u043b\u0430\u043d\u0447',510,100001)
INSERT INTO MEALS VALUES(100009,'2015-06-01 21:00:00.000000','\u0410\u0434\u043c\u0438\u043d \u0443\u0436\u0438\u043d',1500,100001)
ALTER SEQUENCE PUBLIC.GLOBAL_SEQ RESTART WITH 100010
COMMIT
DISCONNECT
/*C35*/SET SCHEMA PUBLIC
DISCONNECT
/*C36*/SET SCHEMA PUBLIC
DELETE FROM USER_ROLES WHERE USER_ID=100000 AND ROLE='ROLE_USER'
DELETE FROM USER_ROLES WHERE USER_ID=100001 AND ROLE='ROLE_ADMIN'
DELETE FROM MEALS WHERE ID=100002
DELETE FROM MEALS WHERE ID=100003
DELETE FROM MEALS WHERE ID=100004
DELETE FROM MEALS WHERE ID=100005
DELETE FROM MEALS WHERE ID=100006
DELETE FROM MEALS WHERE ID=100007
DELETE FROM MEALS WHERE ID=100008
DELETE FROM MEALS WHERE ID=100009
DELETE FROM USERS WHERE ID=100000
DELETE FROM USERS WHERE ID=100001
COMMIT
ALTER SEQUENCE global_seq RESTART WITH 100000
INSERT INTO USERS VALUES(100000,'User','user@yandex.ru','password','2018-03-23 18:53:04.801000',TRUE,2000)
INSERT INTO USERS VALUES(100001,'Admin','admin@gmail.com','admin','2018-03-23 18:53:04.801000',TRUE,2000)
INSERT INTO USER_ROLES VALUES(100000,'ROLE_USER')
INSERT INTO USER_ROLES VALUES(100001,'ROLE_ADMIN')
INSERT INTO MEALS VALUES(100002,'2015-05-30 10:00:00.000000','\u0417\u0430\u0432\u0442\u0440\u0430\u043a',500,100000)
INSERT INTO MEALS VALUES(100003,'2015-05-30 13:00:00.000000','\u041e\u0431\u0435\u0434',1000,100000)
INSERT INTO MEALS VALUES(100004,'2015-05-30 20:00:00.000000','\u0423\u0436\u0438\u043d',500,100000)
INSERT INTO MEALS VALUES(100005,'2015-05-31 10:00:00.000000','\u0417\u0430\u0432\u0442\u0440\u0430\u043a',500,100000)
INSERT INTO MEALS VALUES(100006,'2015-05-31 13:00:00.000000','\u041e\u0431\u0435\u0434',1000,100000)
INSERT INTO MEALS VALUES(100007,'2015-05-31 20:00:00.000000','\u0423\u0436\u0438\u043d',510,100000)
INSERT INTO MEALS VALUES(100008,'2015-06-01 14:00:00.000000','\u0410\u0434\u043c\u0438\u043d \u043b\u0430\u043d\u0447',510,100001)
INSERT INTO MEALS VALUES(100009,'2015-06-01 21:00:00.000000','\u0410\u0434\u043c\u0438\u043d \u0443\u0436\u0438\u043d',1500,100001)
ALTER SEQUENCE PUBLIC.GLOBAL_SEQ RESTART WITH 100010
COMMIT
DISCONNECT
/*C37*/SET SCHEMA PUBLIC
DELETE FROM USERS WHERE ID=100000
INSERT INTO USERS VALUES(100000,'UpdatedName','user@yandex.ru','password','2018-03-23 18:53:04.422000',TRUE,330)
COMMIT
DISCONNECT
/*C38*/SET SCHEMA PUBLIC
DISCONNECT
/*C39*/SET SCHEMA PUBLIC
DELETE FROM USER_ROLES WHERE USER_ID=100000 AND ROLE='ROLE_USER'
DELETE FROM USER_ROLES WHERE USER_ID=100001 AND ROLE='ROLE_ADMIN'
DELETE FROM MEALS WHERE ID=100002
DELETE FROM MEALS WHERE ID=100003
DELETE FROM MEALS WHERE ID=100004
DELETE FROM MEALS WHERE ID=100005
DELETE FROM MEALS WHERE ID=100006
DELETE FROM MEALS WHERE ID=100007
DELETE FROM MEALS WHERE ID=100008
DELETE FROM MEALS WHERE ID=100009
DELETE FROM USERS WHERE ID=100000
DELETE FROM USERS WHERE ID=100001
COMMIT
ALTER SEQUENCE global_seq RESTART WITH 100000
INSERT INTO USERS VALUES(100000,'User','user@yandex.ru','password','2018-03-23 18:53:04.944000',TRUE,2000)
INSERT INTO USERS VALUES(100001,'Admin','admin@gmail.com','admin','2018-03-23 18:53:04.944000',TRUE,2000)
INSERT INTO USER_ROLES VALUES(100000,'ROLE_USER')
INSERT INTO USER_ROLES VALUES(100001,'ROLE_ADMIN')
INSERT INTO MEALS VALUES(100002,'2015-05-30 10:00:00.000000','\u0417\u0430\u0432\u0442\u0440\u0430\u043a',500,100000)
INSERT INTO MEALS VALUES(100003,'2015-05-30 13:00:00.000000','\u041e\u0431\u0435\u0434',1000,100000)
INSERT INTO MEALS VALUES(100004,'2015-05-30 20:00:00.000000','\u0423\u0436\u0438\u043d',500,100000)
INSERT INTO MEALS VALUES(100005,'2015-05-31 10:00:00.000000','\u0417\u0430\u0432\u0442\u0440\u0430\u043a',500,100000)
INSERT INTO MEALS VALUES(100006,'2015-05-31 13:00:00.000000','\u041e\u0431\u0435\u0434',1000,100000)
INSERT INTO MEALS VALUES(100007,'2015-05-31 20:00:00.000000','\u0423\u0436\u0438\u043d',510,100000)
INSERT INTO MEALS VALUES(100008,'2015-06-01 14:00:00.000000','\u0410\u0434\u043c\u0438\u043d \u043b\u0430\u043d\u0447',510,100001)
INSERT INTO MEALS VALUES(100009,'2015-06-01 21:00:00.000000','\u0410\u0434\u043c\u0438\u043d \u0443\u0436\u0438\u043d',1500,100001)
ALTER SEQUENCE PUBLIC.GLOBAL_SEQ RESTART WITH 100010
COMMIT
DISCONNECT
/*C40*/SET SCHEMA PUBLIC
DISCONNECT
/*C41*/SET SCHEMA PUBLIC
DELETE FROM USER_ROLES WHERE USER_ID=100000 AND ROLE='ROLE_USER'
DELETE FROM USER_ROLES WHERE USER_ID=100001 AND ROLE='ROLE_ADMIN'
DELETE FROM MEALS WHERE ID=100002
DELETE FROM MEALS WHERE ID=100003
DELETE FROM MEALS WHERE ID=100004
DELETE FROM MEALS WHERE ID=100005
DELETE FROM MEALS WHERE ID=100006
DELETE FROM MEALS WHERE ID=100007
DELETE FROM MEALS WHERE ID=100008
DELETE FROM MEALS WHERE ID=100009
DELETE FROM USERS WHERE ID=100000
DELETE FROM USERS WHERE ID=100001
COMMIT
ALTER SEQUENCE global_seq RESTART WITH 100000
INSERT INTO USERS VALUES(100000,'User','user@yandex.ru','password','2018-03-23 18:53:04.986000',TRUE,2000)
INSERT INTO USERS VALUES(100001,'Admin','admin@gmail.com','admin','2018-03-23 18:53:04.986000',TRUE,2000)
INSERT INTO USER_ROLES VALUES(100000,'ROLE_USER')
INSERT INTO USER_ROLES VALUES(100001,'ROLE_ADMIN')
INSERT INTO MEALS VALUES(100002,'2015-05-30 10:00:00.000000','\u0417\u0430\u0432\u0442\u0440\u0430\u043a',500,100000)
INSERT INTO MEALS VALUES(100003,'2015-05-30 13:00:00.000000','\u041e\u0431\u0435\u0434',1000,100000)
INSERT INTO MEALS VALUES(100004,'2015-05-30 20:00:00.000000','\u0423\u0436\u0438\u043d',500,100000)
INSERT INTO MEALS VALUES(100005,'2015-05-31 10:00:00.000000','\u0417\u0430\u0432\u0442\u0440\u0430\u043a',500,100000)
INSERT INTO MEALS VALUES(100006,'2015-05-31 13:00:00.000000','\u041e\u0431\u0435\u0434',1000,100000)
INSERT INTO MEALS VALUES(100007,'2015-05-31 20:00:00.000000','\u0423\u0436\u0438\u043d',510,100000)
INSERT INTO MEALS VALUES(100008,'2015-06-01 14:00:00.000000','\u0410\u0434\u043c\u0438\u043d \u043b\u0430\u043d\u0447',510,100001)
INSERT INTO MEALS VALUES(100009,'2015-06-01 21:00:00.000000','\u0410\u0434\u043c\u0438\u043d \u0443\u0436\u0438\u043d',1500,100001)
ALTER SEQUENCE PUBLIC.GLOBAL_SEQ RESTART WITH 100010
COMMIT
DISCONNECT
/*C42*/SET SCHEMA PUBLIC
DISCONNECT
/*C43*/SET SCHEMA PUBLIC
DELETE FROM USER_ROLES WHERE USER_ID=100000 AND ROLE='ROLE_USER'
DELETE FROM USER_ROLES WHERE USER_ID=100001 AND ROLE='ROLE_ADMIN'
DELETE FROM MEALS WHERE ID=100002
DELETE FROM MEALS WHERE ID=100003
DELETE FROM MEALS WHERE ID=100004
DELETE FROM MEALS WHERE ID=100005
DELETE FROM MEALS WHERE ID=100006
DELETE FROM MEALS WHERE ID=100007
DELETE FROM MEALS WHERE ID=100008
DELETE FROM MEALS WHERE ID=100009
DELETE FROM USERS WHERE ID=100000
DELETE FROM USERS WHERE ID=100001
COMMIT
ALTER SEQUENCE global_seq RESTART WITH 100000
INSERT INTO USERS VALUES(100000,'User','user@yandex.ru','password','2018-03-23 18:53:05.051000',TRUE,2000)
INSERT INTO USERS VALUES(100001,'Admin','admin@gmail.com','admin','2018-03-23 18:53:05.051000',TRUE,2000)
INSERT INTO USER_ROLES VALUES(100000,'ROLE_USER')
INSERT INTO USER_ROLES VALUES(100001,'ROLE_ADMIN')
INSERT INTO MEALS VALUES(100002,'2015-05-30 10:00:00.000000','\u0417\u0430\u0432\u0442\u0440\u0430\u043a',500,100000)
INSERT INTO MEALS VALUES(100003,'2015-05-30 13:00:00.000000','\u041e\u0431\u0435\u0434',1000,100000)
INSERT INTO MEALS VALUES(100004,'2015-05-30 20:00:00.000000','\u0423\u0436\u0438\u043d',500,100000)
INSERT INTO MEALS VALUES(100005,'2015-05-31 10:00:00.000000','\u0417\u0430\u0432\u0442\u0440\u0430\u043a',500,100000)
INSERT INTO MEALS VALUES(100006,'2015-05-31 13:00:00.000000','\u041e\u0431\u0435\u0434',1000,100000)
INSERT INTO MEALS VALUES(100007,'2015-05-31 20:00:00.000000','\u0423\u0436\u0438\u043d',510,100000)
INSERT INTO MEALS VALUES(100008,'2015-06-01 14:00:00.000000','\u0410\u0434\u043c\u0438\u043d \u043b\u0430\u043d\u0447',510,100001)
INSERT INTO MEALS VALUES(100009,'2015-06-01 21:00:00.000000','\u0410\u0434\u043c\u0438\u043d \u0443\u0436\u0438\u043d',1500,100001)
ALTER SEQUENCE PUBLIC.GLOBAL_SEQ RESTART WITH 100010
COMMIT
DISCONNECT
/*C44*/SET SCHEMA PUBLIC
DISCONNECT
/*C45*/SET SCHEMA PUBLIC
DELETE FROM USER_ROLES WHERE USER_ID=100000 AND ROLE='ROLE_USER'
DELETE FROM USER_ROLES WHERE USER_ID=100001 AND ROLE='ROLE_ADMIN'
DELETE FROM MEALS WHERE ID=100002
DELETE FROM MEALS WHERE ID=100003
DELETE FROM MEALS WHERE ID=100004
DELETE FROM MEALS WHERE ID=100005
DELETE FROM MEALS WHERE ID=100006
DELETE FROM MEALS WHERE ID=100007
DELETE FROM MEALS WHERE ID=100008
DELETE FROM MEALS WHERE ID=100009
DELETE FROM USERS WHERE ID=100000
DELETE FROM USERS WHERE ID=100001
COMMIT
ALTER SEQUENCE global_seq RESTART WITH 100000
INSERT INTO USERS VALUES(100000,'User','user@yandex.ru','password','2018-03-23 18:53:05.088000',TRUE,2000)
INSERT INTO USERS VALUES(100001,'Admin','admin@gmail.com','admin','2018-03-23 18:53:05.088000',TRUE,2000)
INSERT INTO USER_ROLES VALUES(100000,'ROLE_USER')
INSERT INTO USER_ROLES VALUES(100001,'ROLE_ADMIN')
INSERT INTO MEALS VALUES(100002,'2015-05-30 10:00:00.000000','\u0417\u0430\u0432\u0442\u0440\u0430\u043a',500,100000)
INSERT INTO MEALS VALUES(100003,'2015-05-30 13:00:00.000000','\u041e\u0431\u0435\u0434',1000,100000)
INSERT INTO MEALS VALUES(100004,'2015-05-30 20:00:00.000000','\u0423\u0436\u0438\u043d',500,100000)
INSERT INTO MEALS VALUES(100005,'2015-05-31 10:00:00.000000','\u0417\u0430\u0432\u0442\u0440\u0430\u043a',500,100000)
INSERT INTO MEALS VALUES(100006,'2015-05-31 13:00:00.000000','\u041e\u0431\u0435\u0434',1000,100000)
INSERT INTO MEALS VALUES(100007,'2015-05-31 20:00:00.000000','\u0423\u0436\u0438\u043d',510,100000)
INSERT INTO MEALS VALUES(100008,'2015-06-01 14:00:00.000000','\u0410\u0434\u043c\u0438\u043d \u043b\u0430\u043d\u0447',510,100001)
INSERT INTO MEALS VALUES(100009,'2015-06-01 21:00:00.000000','\u0410\u0434\u043c\u0438\u043d \u0443\u0436\u0438\u043d',1500,100001)
ALTER SEQUENCE PUBLIC.GLOBAL_SEQ RESTART WITH 100010
COMMIT
DISCONNECT
/*C46*/SET SCHEMA PUBLIC
DISCONNECT
/*C47*/SET SCHEMA PUBLIC
DELETE FROM USER_ROLES WHERE USER_ID=100000 AND ROLE='ROLE_USER'
DELETE FROM USER_ROLES WHERE USER_ID=100001 AND ROLE='ROLE_ADMIN'
DELETE FROM MEALS WHERE ID=100002
DELETE FROM MEALS WHERE ID=100003
DELETE FROM MEALS WHERE ID=100004
DELETE FROM MEALS WHERE ID=100005
DELETE FROM MEALS WHERE ID=100006
DELETE FROM MEALS WHERE ID=100007
DELETE FROM MEALS WHERE ID=100008
DELETE FROM MEALS WHERE ID=100009
DELETE FROM USERS WHERE ID=100000
DELETE FROM USERS WHERE ID=100001
COMMIT
ALTER SEQUENCE global_seq RESTART WITH 100000
INSERT INTO USERS VALUES(100000,'User','user@yandex.ru','password','2018-03-23 18:53:05.165000',TRUE,2000)
INSERT INTO USERS VALUES(100001,'Admin','admin@gmail.com','admin','2018-03-23 18:53:05.165000',TRUE,2000)
INSERT INTO USER_ROLES VALUES(100000,'ROLE_USER')
INSERT INTO USER_ROLES VALUES(100001,'ROLE_ADMIN')
INSERT INTO MEALS VALUES(100002,'2015-05-30 10:00:00.000000','\u0417\u0430\u0432\u0442\u0440\u0430\u043a',500,100000)
INSERT INTO MEALS VALUES(100003,'2015-05-30 13:00:00.000000','\u041e\u0431\u0435\u0434',1000,100000)
INSERT INTO MEALS VALUES(100004,'2015-05-30 20:00:00.000000','\u0423\u0436\u0438\u043d',500,100000)
INSERT INTO MEALS VALUES(100005,'2015-05-31 10:00:00.000000','\u0417\u0430\u0432\u0442\u0440\u0430\u043a',500,100000)
INSERT INTO MEALS VALUES(100006,'2015-05-31 13:00:00.000000','\u041e\u0431\u0435\u0434',1000,100000)
INSERT INTO MEALS VALUES(100007,'2015-05-31 20:00:00.000000','\u0423\u0436\u0438\u043d',510,100000)
INSERT INTO MEALS VALUES(100008,'2015-06-01 14:00:00.000000','\u0410\u0434\u043c\u0438\u043d \u043b\u0430\u043d\u0447',510,100001)
INSERT INTO MEALS VALUES(100009,'2015-06-01 21:00:00.000000','\u0410\u0434\u043c\u0438\u043d \u0443\u0436\u0438\u043d',1500,100001)
ALTER SEQUENCE PUBLIC.GLOBAL_SEQ RESTART WITH 100010
COMMIT
DISCONNECT
/*C48*/SET SCHEMA PUBLIC
ALTER SEQUENCE PUBLIC.GLOBAL_SEQ RESTART WITH 100011
DISCONNECT
/*C49*/SET SCHEMA PUBLIC
DISCONNECT
